<?xml version="1.0" encoding="UTF-8"?>
<!-- Generated by org.testng.reporters.JUnitXMLReporter -->
<testsuite hostname="DESKTOP-5OHR9DS" ignored="0" name="Regression Test" tests="7" failures="0" timestamp="2022-12-13T21:18:39 GMT" time="81.184" errors="0">
  <testcase name="verifyProductArrangeInAlphaBaticalOrder" time="1.845" classname="com.nopcommece.testsuite.ComputerPageTest"/>
  <testcase name="TheProductAddedSuccessfullyAndPlaceOrderSuccessfully" time="22.154" classname="com.nopcommece.testsuite.ElectronicsPageTest"/>
  <testcase name="verifyUserShouldNavigateToCellPhonesPageSuccessfully" time="2.949" classname="com.nopcommece.testsuite.ElectronicsPageTest"/>
  <testcase name="verifyPageNavigation" time="1.077" classname="com.nopcommece.testsuite.HomePageTest"/>
  <testcase name="verifyProductAddedToShoppingCartSuccessFully" time="20.909" classname="com.nopcommece.testsuite.ShoppingCartPageTest"/>
  <testcase name="verifyErrorMessageWithInvalidCredentials" time="1.751" classname="com.nopcommece.testsuite.LoginPageTest"/>
  <testcase name="verifyUserShouldNavigateToLoginPage" time="0.663" classname="com.nopcommece.testsuite.LoginPageTest"/>
</testsuite> <!-- Regression Test -->
