<?xml version="1.0" encoding="UTF-8"?>
<testsuite name="Regression Test"
           tests="2"
           failures="0"
           errors="0"
           skipped="0"
           time="2.414">
  <properties />
  
  
            <testcase name="verifyErrorMessageWithInvalidCredentials" time="1.751" classname="com.nopcommece.testsuite.LoginPageTest" />
                <testcase name="verifyUserShouldNavigateToLoginPage" time="0.663" classname="com.nopcommece.testsuite.LoginPageTest" />
      
</testsuite>
